<?xml version="1.0" encoding="UTF-8"?>
<!-- Generated by org.testng.reporters.JUnitXMLReporter -->
<testsuite ignored="0" hostname="INLEN852002488B" failures="2" tests="4" name="Test" time="108.635" errors="0" timestamp="2022-11-21T10:55:11 IST">
  <testcase classname="com.test.pizzahut.CouponTestCases" name="Validate_Coupon_for_Single_Product_Cart_Value_Above_500" time="16.43"/>
  <testcase classname="com.test.pizzahut.CouponTestCases" name="Validate_Coupon_for_Multiple_Products_Cart_Value_Above_500" time="9.142"/>
  <testcase classname="com.test.pizzahut.CouponTestCases" name="Validate_Coupon_for_already_existing_deal" time="16.091">
    <failure type="java.lang.AssertionError" message="expected [Voucher applied! Rs. 125 Off on bill value above Rs.500.] but found [Voucher applied! Rs. 125 Off on bill value above Rs.500. Spend ₹500 to qualify.]">
      <![CDATA[java.lang.AssertionError: expected [Voucher applied! Rs. 125 Off on bill value above Rs.500.] but found [Voucher applied! Rs. 125 Off on bill value above Rs.500. Spend ₹500 to qualify.]
at com.pizzahut.pages.Coupon.m33(Coupon.java:210)
at com.test.pizzahut.CouponTestCases.Validate_Coupon_for_already_existing_deal(CouponTestCases.java:74)
at java.base/java.util.ArrayList.forEach(ArrayList.java:1511)
... Removed 33 stack frames]]>
    </failure>
  </testcase> <!-- Validate_Coupon_for_already_existing_deal -->
  <testcase classname="com.test.pizzahut.CouponTestCases" name="Validate_Coupon_for_Cart_Value_Below_500" time="7.916">
    <failure type="java.lang.AssertionError" message="expected [Voucher applied! Rs. 125 Off on bill value above Rs.500.] but found [Voucher applied! Rs. 125 Off on bill value above Rs.500. Spend ₹211 more to qualify.]">
      <![CDATA[java.lang.AssertionError: expected [Voucher applied! Rs. 125 Off on bill value above Rs.500.] but found [Voucher applied! Rs. 125 Off on bill value above Rs.500. Spend ₹211 more to qualify.]
at com.pizzahut.pages.Coupon.m22(Coupon.java:141)
at com.test.pizzahut.CouponTestCases.Validate_Coupon_for_Cart_Value_Below_500(CouponTestCases.java:66)
at java.base/java.util.ArrayList.forEach(ArrayList.java:1511)
... Removed 33 stack frames]]>
    </failure>
  </testcase> <!-- Validate_Coupon_for_Cart_Value_Below_500 -->
</testsuite> <!-- Test -->
